<?xml version="1.0" encoding="UTF-8"?>
<!-- Generated by org.testng.reporters.JUnitReportReporter -->
<testsuite skipped="0" hostname="LBNL700248" name="com.crm.qa.testcases.ContactsPageTest" tests="2" failures="0" timestamp="2020-04-25T23:01:24 CEST" time="74.080" errors="0">
  <testcase name="createContacts" time="37.344" classname="com.crm.qa.testcases.ContactsPageTest"/>
  <system-out/>
  <testcase name="createContacts" time="36.736" classname="com.crm.qa.testcases.ContactsPageTest"/>
  <system-out/>
</testsuite> <!-- com.crm.qa.testcases.ContactsPageTest -->
