<?xml version="1.0" encoding="UTF-8"?>
<!-- Generated by org.testng.reporters.JUnitReportReporter -->
<testsuite skipped="0" hostname="LBNL700248" name="com.crm.qa.testcases.ContactsPageTest" tests="2" failures="0" timestamp="2020-04-27T16:44:36 CEST" time="71.437" errors="0">
  <testcase name="createContacts" time="36.526" classname="com.crm.qa.testcases.ContactsPageTest"/>
  <system-out/>
  <testcase name="createContacts" time="34.911" classname="com.crm.qa.testcases.ContactsPageTest"/>
  <system-out/>
</testsuite> <!-- com.crm.qa.testcases.ContactsPageTest -->
