<?xml version="1.0" encoding="UTF-8"?>
<!-- Generated by org.testng.reporters.JUnitReportReporter -->
<testsuite skipped="0" hostname="LBNL700248" name="com.crm.qa.testcases.HomePageTest" tests="3" failures="0" timestamp="2020-04-25T23:01:24 CEST" time="60.671" errors="0">
  <testcase name="homePageTitleTest" time="19.644" classname="com.crm.qa.testcases.HomePageTest"/>
  <system-out/>
  <testcase name="validateLoggedInUserTest" time="20.109" classname="com.crm.qa.testcases.HomePageTest"/>
  <system-out/>
  <testcase name="navigateToContactsPage" time="20.918" classname="com.crm.qa.testcases.HomePageTest"/>
  <system-out/>
</testsuite> <!-- com.crm.qa.testcases.HomePageTest -->
