<?xml version="1.0" encoding="UTF-8"?>
<!-- Generated by org.testng.reporters.JUnitReportReporter -->
<testsuite skipped="0" hostname="LBNL700248" name="com.crm.qa.testcases.ContactsPageTest" tests="2" failures="0" timestamp="2020-04-26T00:08:34 CEST" time="80.081" errors="0">
  <testcase name="createContacts" time="40.967" classname="com.crm.qa.testcases.ContactsPageTest"/>
  <system-out/>
  <testcase name="createContacts" time="39.114" classname="com.crm.qa.testcases.ContactsPageTest"/>
  <system-out/>
</testsuite> <!-- com.crm.qa.testcases.ContactsPageTest -->
