<?xml version="1.0" encoding="UTF-8"?>
<!-- Generated by org.testng.reporters.JUnitReportReporter -->
<testsuite skipped="0" hostname="LBNL700248" name="com.crm.qa.testcases.HomePageTest" tests="3" failures="0" timestamp="2020-04-26T00:08:34 CEST" time="60.933" errors="0">
  <testcase name="homePageTitleTest" time="19.862" classname="com.crm.qa.testcases.HomePageTest"/>
  <system-out/>
  <testcase name="validateLoggedInUserTest" time="20.265" classname="com.crm.qa.testcases.HomePageTest"/>
  <system-out/>
  <testcase name="navigateToContactsPage" time="20.806" classname="com.crm.qa.testcases.HomePageTest"/>
  <system-out/>
</testsuite> <!-- com.crm.qa.testcases.HomePageTest -->
